[main] INFO  com.jdbc.jdbcexample.InsertExample1  - Record Inserted successfully...
  [main] INFO  com.jdbc.jdbcexample.InsertExample1  - Record Inserted successfully...
  Record Inserted successfully...
2022-09-20 10:38:17 INFO  InsertExample1:33 - Record Inserted successfully...
2022-09-20 10:40:19 INFO  InsertExample1:33 - Record Inserted successfully...
2022-09-20 10:40:43 INFO  InsertExample1:33 - Record Inserted successfully...
2022-09-20 10:43:36 INFO  InsertExample1:33 - 1
2022-09-20 10:43:36 INFO  InsertExample1:34 - Maruthi
2022-09-20 10:43:36 INFO  InsertExample1:35 - Dayya
2022-09-20 10:43:36 INFO  InsertExample1:36 - 31
2022-09-20 10:43:36 INFO  InsertExample1:38 - ================================
2022-09-20 10:43:36 INFO  InsertExample1:33 - 2
2022-09-20 10:43:36 INFO  InsertExample1:34 - Ram
2022-09-20 10:43:36 INFO  InsertExample1:35 - Raj
2022-09-20 10:43:36 INFO  InsertExample1:36 - 31
2022-09-20 10:43:36 INFO  InsertExample1:38 - ================================
2022-09-20 10:43:36 INFO  InsertExample1:33 - 3
2022-09-20 10:43:36 INFO  InsertExample1:34 - Rakesh
2022-09-20 10:43:36 INFO  InsertExample1:35 - Rak
2022-09-20 10:43:36 INFO  InsertExample1:36 - 31
2022-09-20 10:43:36 INFO  InsertExample1:38 - ================================
2022-09-20 10:43:36 INFO  InsertExample1:33 - 4
2022-09-20 10:43:36 INFO  InsertExample1:34 - Sudharansan
2022-09-20 10:43:36 INFO  InsertExample1:35 - Sud
2022-09-20 10:43:36 INFO  InsertExample1:36 - 31
2022-09-20 10:43:36 INFO  InsertExample1:38 - ================================
2022-09-20 10:43:36 INFO  InsertExample1:33 - 5
2022-09-20 10:43:36 INFO  InsertExample1:34 - Charan
2022-09-20 10:43:36 INFO  InsertExample1:35 - Char
2022-09-20 10:43:36 INFO  InsertExample1:36 - 31
2022-09-20 10:43:36 INFO  InsertExample1:38 - ================================
2022-09-20 10:43:36 INFO  InsertExample1:33 - 6
2022-09-20 10:43:36 INFO  InsertExample1:34 - Ramanjaneyulu
2022-09-20 10:43:36 INFO  InsertExample1:35 - Ram
2022-09-20 10:43:36 INFO  InsertExample1:36 - 31
2022-09-20 10:43:36 INFO  InsertExample1:38 - ================================
2022-09-20 10:43:36 INFO  InsertExample1:33 - 7
2022-09-20 10:43:36 INFO  InsertExample1:34 - Silambarsan
2022-09-20 10:43:36 INFO  InsertExample1:35 - Sil
2022-09-20 10:43:36 INFO  InsertExample1:36 - 31
2022-09-20 10:43:36 INFO  InsertExample1:38 - ================================
2022-09-20 10:43:36 INFO  InsertExample1:33 - 8
2022-09-20 10:43:36 INFO  InsertExample1:34 - Swathy
2022-09-20 10:43:36 INFO  InsertExample1:35 - Swat
2022-09-20 10:43:36 INFO  InsertExample1:36 - 31
2022-09-20 10:43:36 INFO  InsertExample1:38 - ================================
2022-09-20 10:43:36 INFO  InsertExample1:33 - 9
2022-09-20 10:43:36 INFO  InsertExample1:34 - Swathy
2022-09-20 10:43:36 INFO  InsertExample1:35 - Swat
2022-09-20 10:43:36 INFO  InsertExample1:36 - 31
2022-09-20 10:43:36 INFO  InsertExample1:38 - ================================
2022-09-20 10:43:36 INFO  InsertExample1:33 - 11
2022-09-20 10:43:36 INFO  InsertExample1:34 - Mokshith
2022-09-20 10:43:36 INFO  InsertExample1:35 - Mokshith
2022-09-20 10:43:36 INFO  InsertExample1:36 - 20
2022-09-20 10:43:36 INFO  InsertExample1:38 - ================================
2022-09-20 10:43:36 INFO  InsertExample1:33 - 12
2022-09-20 10:43:36 INFO  InsertExample1:34 - Rak
2022-09-20 10:43:36 INFO  InsertExample1:35 - Rao
2022-09-20 10:43:36 INFO  InsertExample1:36 - 20
2022-09-20 10:43:36 INFO  InsertExample1:38 - ================================
2022-09-20 10:43:36 INFO  InsertExample1:33 - 13
2022-09-20 10:43:36 INFO  InsertExample1:34 - Rajesh
2022-09-20 10:43:36 INFO  InsertExample1:35 - Raj
2022-09-20 10:43:36 INFO  InsertExample1:36 - 20
2022-09-20 10:43:36 INFO  InsertExample1:38 - ================================
2022-09-20 10:43:36 INFO  InsertExample1:33 - 14
2022-09-20 10:43:36 INFO  InsertExample1:34 - Rajesh
2022-09-20 10:43:36 INFO  InsertExample1:35 - Raj
2022-09-20 10:43:36 INFO  InsertExample1:36 - 20
2022-09-20 10:43:36 INFO  InsertExample1:38 - ================================
2022-09-20 10:43:36 INFO  InsertExample1:33 - 15
2022-09-20 10:43:36 INFO  InsertExample1:34 - Rajesh
2022-09-20 10:43:36 INFO  InsertExample1:35 - Raj
2022-09-20 10:43:36 INFO  InsertExample1:36 - 20
2022-09-20 10:43:36 INFO  InsertExample1:38 - ================================
2022-09-20 10:43:36 INFO  InsertExample1:33 - 16
2022-09-20 10:43:36 INFO  InsertExample1:34 - Rajesh
2022-09-20 10:43:36 INFO  InsertExample1:35 - Raj
2022-09-20 10:43:36 INFO  InsertExample1:36 - 20
2022-09-20 10:43:36 INFO  InsertExample1:38 - ================================
2022-09-20 10:43:36 INFO  InsertExample1:33 - 17
2022-09-20 10:43:36 INFO  InsertExample1:34 - Rajesh
2022-09-20 10:43:36 INFO  InsertExample1:35 - Raj
2022-09-20 10:43:36 INFO  InsertExample1:36 - 20
2022-09-20 10:43:36 INFO  InsertExample1:38 - ================================
2022-09-20 10:43:36 INFO  InsertExample1:33 - 18
2022-09-20 10:43:36 INFO  InsertExample1:34 - Rajesh
2022-09-20 10:43:36 INFO  InsertExample1:35 - Raj
2022-09-20 10:43:36 INFO  InsertExample1:36 - 20
2022-09-20 10:43:36 INFO  InsertExample1:38 - ================================
2022-09-20 10:43:36 INFO  InsertExample1:33 - 19
2022-09-20 10:43:36 INFO  InsertExample1:34 - Rajesh
2022-09-20 10:43:36 INFO  InsertExample1:35 - Raj
2022-09-20 10:43:36 INFO  InsertExample1:36 - 20
2022-09-20 10:43:36 INFO  InsertExample1:38 - ================================
2022-09-20 10:43:36 INFO  InsertExample1:33 - 20
2022-09-20 10:43:36 INFO  InsertExample1:34 - Rajesh
2022-09-20 10:43:36 INFO  InsertExample1:35 - Raj
2022-09-20 10:43:36 INFO  InsertExample1:36 - 20
2022-09-20 10:43:36 INFO  InsertExample1:38 - ================================
2022-09-20 10:43:36 INFO  InsertExample1:33 - 21
2022-09-20 10:43:36 INFO  InsertExample1:34 - Rajesh
2022-09-20 10:43:36 INFO  InsertExample1:35 - Raj
2022-09-20 10:43:36 INFO  InsertExample1:36 - 20
2022-09-20 10:43:36 INFO  InsertExample1:38 - ================================
2022-09-20 10:43:36 INFO  InsertExample1:33 - 22
2022-09-20 10:43:36 INFO  InsertExample1:34 - Rajesh
2022-09-20 10:43:36 INFO  InsertExample1:35 - Raj
2022-09-20 10:43:36 INFO  InsertExample1:36 - 20
2022-09-20 10:43:36 INFO  InsertExample1:38 - ================================
